Determining if the pthread_create exist failed with the following output:
Change Dir: /home/ctw/webrtc_aec/wav-beamforming/build/CMakeFiles/CMakeTmp

Run Build Command:"/usr/bin/make" "cmTC_88f4b/fast"
/usr/bin/make -f CMakeFiles/cmTC_88f4b.dir/build.make CMakeFiles/cmTC_88f4b.dir/build
make[1]: 进入目录“/home/ctw/webrtc_aec/wav-beamforming/build/CMakeFiles/CMakeTmp”
Building C object CMakeFiles/cmTC_88f4b.dir/CheckSymbolExists.c.o
/usr/bin/cc    -o CMakeFiles/cmTC_88f4b.dir/CheckSymbolExists.c.o   -c /home/ctw/webrtc_aec/wav-beamforming/build/CMakeFiles/CMakeTmp/CheckSymbolExists.c
Linking C executable cmTC_88f4b
/usr/bin/cmake -E cmake_link_script CMakeFiles/cmTC_88f4b.dir/link.txt --verbose=1
/usr/bin/cc      -rdynamic CMakeFiles/cmTC_88f4b.dir/CheckSymbolExists.c.o  -o cmTC_88f4b 
CMakeFiles/cmTC_88f4b.dir/CheckSymbolExists.c.o：在函数‘main’中：
CheckSymbolExists.c:(.text+0x1b)：对‘pthread_create’未定义的引用
collect2: error: ld returned 1 exit status
CMakeFiles/cmTC_88f4b.dir/build.make:97: recipe for target 'cmTC_88f4b' failed
make[1]: *** [cmTC_88f4b] Error 1
make[1]: 离开目录“/home/ctw/webrtc_aec/wav-beamforming/build/CMakeFiles/CMakeTmp”
Makefile:126: recipe for target 'cmTC_88f4b/fast' failed
make: *** [cmTC_88f4b/fast] Error 2

File /home/ctw/webrtc_aec/wav-beamforming/build/CMakeFiles/CMakeTmp/CheckSymbolExists.c:
/* */
#include <pthread.h>

int main(int argc, char** argv)
{
  (void)argv;
#ifndef pthread_create
  return ((int*)(&pthread_create))[argc];
#else
  (void)argc;
  return 0;
#endif
}

Determining if the function pthread_create exists in the pthreads failed with the following output:
Change Dir: /home/ctw/webrtc_aec/wav-beamforming/build/CMakeFiles/CMakeTmp

Run Build Command:"/usr/bin/make" "cmTC_9f7b9/fast"
/usr/bin/make -f CMakeFiles/cmTC_9f7b9.dir/build.make CMakeFiles/cmTC_9f7b9.dir/build
make[1]: 进入目录“/home/ctw/webrtc_aec/wav-beamforming/build/CMakeFiles/CMakeTmp”
Building C object CMakeFiles/cmTC_9f7b9.dir/CheckFunctionExists.c.o
/usr/bin/cc   -DCHECK_FUNCTION_EXISTS=pthread_create   -o CMakeFiles/cmTC_9f7b9.dir/CheckFunctionExists.c.o   -c /usr/share/cmake-3.10/Modules/CheckFunctionExists.c
Linking C executable cmTC_9f7b9
/usr/bin/cmake -E cmake_link_script CMakeFiles/cmTC_9f7b9.dir/link.txt --verbose=1
/usr/bin/cc  -DCHECK_FUNCTION_EXISTS=pthread_create    -rdynamic CMakeFiles/cmTC_9f7b9.dir/CheckFunctionExists.c.o  -o cmTC_9f7b9 -lpthreads 
/usr/bin/ld: 找不到 -lpthreads
collect2: error: ld returned 1 exit status
CMakeFiles/cmTC_9f7b9.dir/build.make:97: recipe for target 'cmTC_9f7b9' failed
make[1]: *** [cmTC_9f7b9] Error 1
make[1]: 离开目录“/home/ctw/webrtc_aec/wav-beamforming/build/CMakeFiles/CMakeTmp”
Makefile:126: recipe for target 'cmTC_9f7b9/fast' failed
make: *** [cmTC_9f7b9/fast] Error 2


Compiling the C compiler identification source file "CMakeCCompilerId.c" failed.
Compiler: /usr/bin/cc 
Build flags: 
Id flags:  

The output was:
1
/usr/bin/ld: cannot find Scrt1.o: No such file or directory
/usr/bin/ld: cannot find crti.o: No such file or directory
collect2: error: ld returned 1 exit status


Compiling the CXX compiler identification source file "CMakeCXXCompilerId.cpp" failed.
Compiler: CMAKE_CXX_COMPILER-NOTFOUND 
Build flags: 
Id flags:  

The output was:
No such file or directory


Compiling the CXX compiler identification source file "CMakeCXXCompilerId.cpp" failed.
Compiler: CMAKE_CXX_COMPILER-NOTFOUND 
Build flags: 
Id flags: -c 

The output was:
No such file or directory


Compiling the CXX compiler identification source file "CMakeCXXCompilerId.cpp" failed.
Compiler: CMAKE_CXX_COMPILER-NOTFOUND 
Build flags: 
Id flags: --c++ 

The output was:
No such file or directory


Compiling the CXX compiler identification source file "CMakeCXXCompilerId.cpp" failed.
Compiler: CMAKE_CXX_COMPILER-NOTFOUND 
Build flags: 
Id flags: --ec++ 

The output was:
No such file or directory


Compiling the CXX compiler identification source file "CMakeCXXCompilerId.cpp" failed.
Compiler: CMAKE_CXX_COMPILER-NOTFOUND 
Build flags: 
Id flags:  

The output was:
No such file or directory


Compiling the CXX compiler identification source file "CMakeCXXCompilerId.cpp" failed.
Compiler: CMAKE_CXX_COMPILER-NOTFOUND 
Build flags: 
Id flags: -c 

The output was:
No such file or directory


Compiling the CXX compiler identification source file "CMakeCXXCompilerId.cpp" failed.
Compiler: CMAKE_CXX_COMPILER-NOTFOUND 
Build flags: 
Id flags: --c++ 

The output was:
No such file or directory


Compiling the CXX compiler identification source file "CMakeCXXCompilerId.cpp" failed.
Compiler: CMAKE_CXX_COMPILER-NOTFOUND 
Build flags: 
Id flags: --ec++ 

The output was:
No such file or directory


Determining if the C compiler works failed with the following output:
Change Dir: /mnt/e/Demo/webrtc/webrtc_aec/wav-beamforming/build/CMakeFiles/CMakeTmp

Run Build Command:"/usr/bin/make" "cmTC_d0c55/fast"
/usr/bin/make -f CMakeFiles/cmTC_d0c55.dir/build.make CMakeFiles/cmTC_d0c55.dir/build
make[1]: Entering directory '/mnt/e/Demo/webrtc/webrtc_aec/wav-beamforming/build/CMakeFiles/CMakeTmp'
Building C object CMakeFiles/cmTC_d0c55.dir/testCCompiler.c.o
/usr/bin/cc    -o CMakeFiles/cmTC_d0c55.dir/testCCompiler.c.o   -c /mnt/e/Demo/webrtc/webrtc_aec/wav-beamforming/build/CMakeFiles/CMakeTmp/testCCompiler.c
Linking C executable cmTC_d0c55
/usr/bin/cmake -E cmake_link_script CMakeFiles/cmTC_d0c55.dir/link.txt --verbose=1
/usr/bin/cc      -rdynamic CMakeFiles/cmTC_d0c55.dir/testCCompiler.c.o  -o cmTC_d0c55 
/usr/bin/ld: cannot find Scrt1.o: No such file or directory
/usr/bin/ld: cannot find crti.o: No such file or directory
collect2: error: ld returned 1 exit status
CMakeFiles/cmTC_d0c55.dir/build.make:97: recipe for target 'cmTC_d0c55' failed
make[1]: *** [cmTC_d0c55] Error 1
make[1]: Leaving directory '/mnt/e/Demo/webrtc/webrtc_aec/wav-beamforming/build/CMakeFiles/CMakeTmp'
Makefile:126: recipe for target 'cmTC_d0c55/fast' failed
make: *** [cmTC_d0c55/fast] Error 2


