The system is: Linux - 4.15.0-101-generic - x86_64
Compiling the C compiler identification source file "CMakeCCompilerId.c" succeeded.
Compiler: /usr/bin/cc 
Build flags: 
Id flags:  

The output was:
0


Compilation of the C compiler identification source "CMakeCCompilerId.c" produced "a.out"

The C compiler identification is GNU, found in "/home/ctw/webrtc_aec/wav-beamforming/build/CMakeFiles/3.10.2/CompilerIdC/a.out"

Compiling the CXX compiler identification source file "CMakeCXXCompilerId.cpp" succeeded.
Compiler: /usr/bin/c++ 
Build flags: 
Id flags:  

The output was:
0


Compilation of the CXX compiler identification source "CMakeCXXCompilerId.cpp" produced "a.out"

The CXX compiler identification is GNU, found in "/home/ctw/webrtc_aec/wav-beamforming/build/CMakeFiles/3.10.2/CompilerIdCXX/a.out"

Determining if the C compiler works passed with the following output:
Change Dir: /home/ctw/webrtc_aec/wav-beamforming/build/CMakeFiles/CMakeTmp

Run Build Command:"/usr/bin/make" "cmTC_c6504/fast"
/usr/bin/make -f CMakeFiles/cmTC_c6504.dir/build.make CMakeFiles/cmTC_c6504.dir/build
make[1]: 进入目录“/home/ctw/webrtc_aec/wav-beamforming/build/CMakeFiles/CMakeTmp”
Building C object CMakeFiles/cmTC_c6504.dir/testCCompiler.c.o
/usr/bin/cc    -o CMakeFiles/cmTC_c6504.dir/testCCompiler.c.o   -c /home/ctw/webrtc_aec/wav-beamforming/build/CMakeFiles/CMakeTmp/testCCompiler.c
Linking C executable cmTC_c6504
/usr/bin/cmake -E cmake_link_script CMakeFiles/cmTC_c6504.dir/link.txt --verbose=1
/usr/bin/cc      -rdynamic CMakeFiles/cmTC_c6504.dir/testCCompiler.c.o  -o cmTC_c6504 
make[1]: 离开目录“/home/ctw/webrtc_aec/wav-beamforming/build/CMakeFiles/CMakeTmp”


Detecting C compiler ABI info compiled with the following output:
Change Dir: /home/ctw/webrtc_aec/wav-beamforming/build/CMakeFiles/CMakeTmp

Run Build Command:"/usr/bin/make" "cmTC_768c0/fast"
/usr/bin/make -f CMakeFiles/cmTC_768c0.dir/build.make CMakeFiles/cmTC_768c0.dir/build
make[1]: 进入目录“/home/ctw/webrtc_aec/wav-beamforming/build/CMakeFiles/CMakeTmp”
Building C object CMakeFiles/cmTC_768c0.dir/CMakeCCompilerABI.c.o
/usr/bin/cc    -o CMakeFiles/cmTC_768c0.dir/CMakeCCompilerABI.c.o   -c /usr/share/cmake-3.10/Modules/CMakeCCompilerABI.c
Linking C executable cmTC_768c0
/usr/bin/cmake -E cmake_link_script CMakeFiles/cmTC_768c0.dir/link.txt --verbose=1
/usr/bin/cc     -v -rdynamic CMakeFiles/cmTC_768c0.dir/CMakeCCompilerABI.c.o  -o cmTC_768c0 
Using built-in specs.
COLLECT_GCC=/usr/bin/cc
COLLECT_LTO_WRAPPER=/usr/lib/gcc/x86_64-linux-gnu/7/lto-wrapper
OFFLOAD_TARGET_NAMES=nvptx-none
OFFLOAD_TARGET_DEFAULT=1
Target: x86_64-linux-gnu
Configured with: ../src/configure -v --with-pkgversion='Ubuntu 7.5.0-3ubuntu1~18.04' --with-bugurl=file:///usr/share/doc/gcc-7/README.Bugs --enable-languages=c,ada,c++,go,brig,d,fortran,objc,obj-c++ --prefix=/usr --with-gcc-major-version-only --program-suffix=-7 --program-prefix=x86_64-linux-gnu- --enable-shared --enable-linker-build-id --libexecdir=/usr/lib --without-included-gettext --enable-threads=posix --libdir=/usr/lib --enable-nls --enable-bootstrap --enable-clocale=gnu --enable-libstdcxx-debug --enable-libstdcxx-time=yes --with-default-libstdcxx-abi=new --enable-gnu-unique-object --disable-vtable-verify --enable-libmpx --enable-plugin --enable-default-pie --with-system-zlib --with-target-system-zlib --enable-objc-gc=auto --enable-multiarch --disable-werror --with-arch-32=i686 --with-abi=m64 --with-multilib-list=m32,m64,mx32 --enable-multilib --with-tune=generic --enable-offload-targets=nvptx-none --without-cuda-driver --enable-checking=release --build=x86_64-linux-gnu --host=x86_64-linux-gnu --target=x86_64-linux-gnu
Thread model: posix
gcc version 7.5.0 (Ubuntu 7.5.0-3ubuntu1~18.04) 
COMPILER_PATH=/usr/lib/gcc/x86_64-linux-gnu/7/:/usr/lib/gcc/x86_64-linux-gnu/7/:/usr/lib/gcc/x86_64-linux-gnu/:/usr/lib/gcc/x86_64-linux-gnu/7/:/usr/lib/gcc/x86_64-linux-gnu/
LIBRARY_PATH=/usr/lib/gcc/x86_64-linux-gnu/7/:/usr/lib/gcc/x86_64-linux-gnu/7/../../../x86_64-linux-gnu/:/usr/lib/gcc/x86_64-linux-gnu/7/../../../../lib/:/lib/x86_64-linux-gnu/:/lib/../lib/:/usr/lib/x86_64-linux-gnu/:/usr/lib/../lib/:/usr/lib/gcc/x86_64-linux-gnu/7/../../../:/lib/:/usr/lib/
COLLECT_GCC_OPTIONS='-v' '-rdynamic' '-o' 'cmTC_768c0' '-mtune=generic' '-march=x86-64'
 /usr/lib/gcc/x86_64-linux-gnu/7/collect2 -plugin /usr/lib/gcc/x86_64-linux-gnu/7/liblto_plugin.so -plugin-opt=/usr/lib/gcc/x86_64-linux-gnu/7/lto-wrapper -plugin-opt=-fresolution=/tmp/cc303vnX.res -plugin-opt=-pass-through=-lgcc -plugin-opt=-pass-through=-lgcc_s -plugin-opt=-pass-through=-lc -plugin-opt=-pass-through=-lgcc -plugin-opt=-pass-through=-lgcc_s --build-id --eh-frame-hdr -m elf_x86_64 --hash-style=gnu --as-needed -export-dynamic -dynamic-linker /lib64/ld-linux-x86-64.so.2 -pie -z now -z relro -o cmTC_768c0 /usr/lib/gcc/x86_64-linux-gnu/7/../../../x86_64-linux-gnu/Scrt1.o /usr/lib/gcc/x86_64-linux-gnu/7/../../../x86_64-linux-gnu/crti.o /usr/lib/gcc/x86_64-linux-gnu/7/crtbeginS.o -L/usr/lib/gcc/x86_64-linux-gnu/7 -L/usr/lib/gcc/x86_64-linux-gnu/7/../../../x86_64-linux-gnu -L/usr/lib/gcc/x86_64-linux-gnu/7/../../../../lib -L/lib/x86_64-linux-gnu -L/lib/../lib -L/usr/lib/x86_64-linux-gnu -L/usr/lib/../lib -L/usr/lib/gcc/x86_64-linux-gnu/7/../../.. CMakeFiles/cmTC_768c0.dir/CMakeCCompilerABI.c.o -lgcc --push-state --as-needed -lgcc_s --pop-state -lc -lgcc --push-state --as-needed -lgcc_s --pop-state /usr/lib/gcc/x86_64-linux-gnu/7/crtendS.o /usr/lib/gcc/x86_64-linux-gnu/7/../../../x86_64-linux-gnu/crtn.o
COLLECT_GCC_OPTIONS='-v' '-rdynamic' '-o' 'cmTC_768c0' '-mtune=generic' '-march=x86-64'
make[1]: 离开目录“/home/ctw/webrtc_aec/wav-beamforming/build/CMakeFiles/CMakeTmp”


Parsed C implicit link information from above output:
  link line regex: [^( *|.*[/\])(ld|CMAKE_LINK_STARTFILE-NOTFOUND|([^/\]+-)?ld|collect2)[^/\]*( |$)]
  ignore line: [Change Dir: /home/ctw/webrtc_aec/wav-beamforming/build/CMakeFiles/CMakeTmp]
  ignore line: []
  ignore line: [Run Build Command:"/usr/bin/make" "cmTC_768c0/fast"]
  ignore line: [/usr/bin/make -f CMakeFiles/cmTC_768c0.dir/build.make CMakeFiles/cmTC_768c0.dir/build]
  ignore line: [make[1]: 进入目录“/home/ctw/webrtc_aec/wav-beamforming/build/CMakeFiles/CMakeTmp”]
  ignore line: [Building C object CMakeFiles/cmTC_768c0.dir/CMakeCCompilerABI.c.o]
  ignore line: [/usr/bin/cc    -o CMakeFiles/cmTC_768c0.dir/CMakeCCompilerABI.c.o   -c /usr/share/cmake-3.10/Modules/CMakeCCompilerABI.c]
  ignore line: [Linking C executable cmTC_768c0]
  ignore line: [/usr/bin/cmake -E cmake_link_script CMakeFiles/cmTC_768c0.dir/link.txt --verbose=1]
  ignore line: [/usr/bin/cc     -v -rdynamic CMakeFiles/cmTC_768c0.dir/CMakeCCompilerABI.c.o  -o cmTC_768c0 ]
  ignore line: [Using built-in specs.]
  ignore line: [COLLECT_GCC=/usr/bin/cc]
  ignore line: [COLLECT_LTO_WRAPPER=/usr/lib/gcc/x86_64-linux-gnu/7/lto-wrapper]
  ignore line: [OFFLOAD_TARGET_NAMES=nvptx-none]
  ignore line: [OFFLOAD_TARGET_DEFAULT=1]
  ignore line: [Target: x86_64-linux-gnu]
  ignore line: [Configured with: ../src/configure -v --with-pkgversion='Ubuntu 7.5.0-3ubuntu1~18.04' --with-bugurl=file:///usr/share/doc/gcc-7/README.Bugs --enable-languages=c,ada,c++,go,brig,d,fortran,objc,obj-c++ --prefix=/usr --with-gcc-major-version-only --program-suffix=-7 --program-prefix=x86_64-linux-gnu- --enable-shared --enable-linker-build-id --libexecdir=/usr/lib --without-included-gettext --enable-threads=posix --libdir=/usr/lib --enable-nls --enable-bootstrap --enable-clocale=gnu --enable-libstdcxx-debug --enable-libstdcxx-time=yes --with-default-libstdcxx-abi=new --enable-gnu-unique-object --disable-vtable-verify --enable-libmpx --enable-plugin --enable-default-pie --with-system-zlib --with-target-system-zlib --enable-objc-gc=auto --enable-multiarch --disable-werror --with-arch-32=i686 --with-abi=m64 --with-multilib-list=m32,m64,mx32 --enable-multilib --with-tune=generic --enable-offload-targets=nvptx-none --without-cuda-driver --enable-checking=release --build=x86_64-linux-gnu --host=x86_64-linux-gnu --target=x86_64-linux-gnu]
  ignore line: [Thread model: posix]
  ignore line: [gcc version 7.5.0 (Ubuntu 7.5.0-3ubuntu1~18.04) ]
  ignore line: [COMPILER_PATH=/usr/lib/gcc/x86_64-linux-gnu/7/:/usr/lib/gcc/x86_64-linux-gnu/7/:/usr/lib/gcc/x86_64-linux-gnu/:/usr/lib/gcc/x86_64-linux-gnu/7/:/usr/lib/gcc/x86_64-linux-gnu/]
  ignore line: [LIBRARY_PATH=/usr/lib/gcc/x86_64-linux-gnu/7/:/usr/lib/gcc/x86_64-linux-gnu/7/../../../x86_64-linux-gnu/:/usr/lib/gcc/x86_64-linux-gnu/7/../../../../lib/:/lib/x86_64-linux-gnu/:/lib/../lib/:/usr/lib/x86_64-linux-gnu/:/usr/lib/../lib/:/usr/lib/gcc/x86_64-linux-gnu/7/../../../:/lib/:/usr/lib/]
  ignore line: [COLLECT_GCC_OPTIONS='-v' '-rdynamic' '-o' 'cmTC_768c0' '-mtune=generic' '-march=x86-64']
  link line: [ /usr/lib/gcc/x86_64-linux-gnu/7/collect2 -plugin /usr/lib/gcc/x86_64-linux-gnu/7/liblto_plugin.so -plugin-opt=/usr/lib/gcc/x86_64-linux-gnu/7/lto-wrapper -plugin-opt=-fresolution=/tmp/cc303vnX.res -plugin-opt=-pass-through=-lgcc -plugin-opt=-pass-through=-lgcc_s -plugin-opt=-pass-through=-lc -plugin-opt=-pass-through=-lgcc -plugin-opt=-pass-through=-lgcc_s --build-id --eh-frame-hdr -m elf_x86_64 --hash-style=gnu --as-needed -export-dynamic -dynamic-linker /lib64/ld-linux-x86-64.so.2 -pie -z now -z relro -o cmTC_768c0 /usr/lib/gcc/x86_64-linux-gnu/7/../../../x86_64-linux-gnu/Scrt1.o /usr/lib/gcc/x86_64-linux-gnu/7/../../../x86_64-linux-gnu/crti.o /usr/lib/gcc/x86_64-linux-gnu/7/crtbeginS.o -L/usr/lib/gcc/x86_64-linux-gnu/7 -L/usr/lib/gcc/x86_64-linux-gnu/7/../../../x86_64-linux-gnu -L/usr/lib/gcc/x86_64-linux-gnu/7/../../../../lib -L/lib/x86_64-linux-gnu -L/lib/../lib -L/usr/lib/x86_64-linux-gnu -L/usr/lib/../lib -L/usr/lib/gcc/x86_64-linux-gnu/7/../../.. CMakeFiles/cmTC_768c0.dir/CMakeCCompilerABI.c.o -lgcc --push-state --as-needed -lgcc_s --pop-state -lc -lgcc --push-state --as-needed -lgcc_s --pop-state /usr/lib/gcc/x86_64-linux-gnu/7/crtendS.o /usr/lib/gcc/x86_64-linux-gnu/7/../../../x86_64-linux-gnu/crtn.o]
    arg [/usr/lib/gcc/x86_64-linux-gnu/7/collect2] ==> ignore
    arg [-plugin] ==> ignore
    arg [/usr/lib/gcc/x86_64-linux-gnu/7/liblto_plugin.so] ==> ignore
    arg [-plugin-opt=/usr/lib/gcc/x86_64-linux-gnu/7/lto-wrapper] ==> ignore
    arg [-plugin-opt=-fresolution=/tmp/cc303vnX.res] ==> ignore
    arg [-plugin-opt=-pass-through=-lgcc] ==> ignore
    arg [-plugin-opt=-pass-through=-lgcc_s] ==> ignore
    arg [-plugin-opt=-pass-through=-lc] ==> ignore
    arg [-plugin-opt=-pass-through=-lgcc] ==> ignore
    arg [-plugin-opt=-pass-through=-lgcc_s] ==> ignore
    arg [--build-id] ==> ignore
    arg [--eh-frame-hdr] ==> ignore
    arg [-m] ==> ignore
    arg [elf_x86_64] ==> ignore
    arg [--hash-style=gnu] ==> ignore
    arg [--as-needed] ==> ignore
    arg [-export-dynamic] ==> ignore
    arg [-dynamic-linker] ==> ignore
    arg [/lib64/ld-linux-x86-64.so.2] ==> ignore
    arg [-pie] ==> ignore
    arg [-znow] ==> ignore
    arg [-zrelro] ==> ignore
    arg [-o] ==> ignore
    arg [cmTC_768c0] ==> ignore
    arg [/usr/lib/gcc/x86_64-linux-gnu/7/../../../x86_64-linux-gnu/Scrt1.o] ==> ignore
    arg [/usr/lib/gcc/x86_64-linux-gnu/7/../../../x86_64-linux-gnu/crti.o] ==> ignore
    arg [/usr/lib/gcc/x86_64-linux-gnu/7/crtbeginS.o] ==> ignore
    arg [-L/usr/lib/gcc/x86_64-linux-gnu/7] ==> dir [/usr/lib/gcc/x86_64-linux-gnu/7]
    arg [-L/usr/lib/gcc/x86_64-linux-gnu/7/../../../x86_64-linux-gnu] ==> dir [/usr/lib/gcc/x86_64-linux-gnu/7/../../../x86_64-linux-gnu]
    arg [-L/usr/lib/gcc/x86_64-linux-gnu/7/../../../../lib] ==> dir [/usr/lib/gcc/x86_64-linux-gnu/7/../../../../lib]
    arg [-L/lib/x86_64-linux-gnu] ==> dir [/lib/x86_64-linux-gnu]
    arg [-L/lib/../lib] ==> dir [/lib/../lib]
    arg [-L/usr/lib/x86_64-linux-gnu] ==> dir [/usr/lib/x86_64-linux-gnu]
    arg [-L/usr/lib/../lib] ==> dir [/usr/lib/../lib]
    arg [-L/usr/lib/gcc/x86_64-linux-gnu/7/../../..] ==> dir [/usr/lib/gcc/x86_64-linux-gnu/7/../../..]
    arg [CMakeFiles/cmTC_768c0.dir/CMakeCCompilerABI.c.o] ==> ignore
    arg [-lgcc] ==> lib [gcc]
    arg [--push-state] ==> ignore
    arg [--as-needed] ==> ignore
    arg [-lgcc_s] ==> lib [gcc_s]
    arg [--pop-state] ==> ignore
    arg [-lc] ==> lib [c]
    arg [-lgcc] ==> lib [gcc]
    arg [--push-state] ==> ignore
    arg [--as-needed] ==> ignore
    arg [-lgcc_s] ==> lib [gcc_s]
    arg [--pop-state] ==> ignore
    arg [/usr/lib/gcc/x86_64-linux-gnu/7/crtendS.o] ==> ignore
    arg [/usr/lib/gcc/x86_64-linux-gnu/7/../../../x86_64-linux-gnu/crtn.o] ==> ignore
  collapse library dir [/usr/lib/gcc/x86_64-linux-gnu/7] ==> [/usr/lib/gcc/x86_64-linux-gnu/7]
  collapse library dir [/usr/lib/gcc/x86_64-linux-gnu/7/../../../x86_64-linux-gnu] ==> [/usr/lib/x86_64-linux-gnu]
  collapse library dir [/usr/lib/gcc/x86_64-linux-gnu/7/../../../../lib] ==> [/usr/lib]
  collapse library dir [/lib/x86_64-linux-gnu] ==> [/lib/x86_64-linux-gnu]
  collapse library dir [/lib/../lib] ==> [/lib]
  collapse library dir [/usr/lib/x86_64-linux-gnu] ==> [/usr/lib/x86_64-linux-gnu]
  collapse library dir [/usr/lib/../lib] ==> [/usr/lib]
  collapse library dir [/usr/lib/gcc/x86_64-linux-gnu/7/../../..] ==> [/usr/lib]
  implicit libs: [gcc;gcc_s;c;gcc;gcc_s]
  implicit dirs: [/usr/lib/gcc/x86_64-linux-gnu/7;/usr/lib/x86_64-linux-gnu;/usr/lib;/lib/x86_64-linux-gnu;/lib]
  implicit fwks: []




Detecting C [-std=c11] compiler features compiled with the following output:
Change Dir: /home/ctw/webrtc_aec/wav-beamforming/build/CMakeFiles/CMakeTmp

Run Build Command:"/usr/bin/make" "cmTC_4a7a7/fast"
/usr/bin/make -f CMakeFiles/cmTC_4a7a7.dir/build.make CMakeFiles/cmTC_4a7a7.dir/build
make[1]: 进入目录“/home/ctw/webrtc_aec/wav-beamforming/build/CMakeFiles/CMakeTmp”
Building C object CMakeFiles/cmTC_4a7a7.dir/feature_tests.c.o
/usr/bin/cc   -std=c11 -o CMakeFiles/cmTC_4a7a7.dir/feature_tests.c.o   -c /home/ctw/webrtc_aec/wav-beamforming/build/CMakeFiles/feature_tests.c
Linking C executable cmTC_4a7a7
/usr/bin/cmake -E cmake_link_script CMakeFiles/cmTC_4a7a7.dir/link.txt --verbose=1
/usr/bin/cc      -rdynamic CMakeFiles/cmTC_4a7a7.dir/feature_tests.c.o  -o cmTC_4a7a7 
make[1]: 离开目录“/home/ctw/webrtc_aec/wav-beamforming/build/CMakeFiles/CMakeTmp”


    Feature record: C_FEATURE:1c_function_prototypes
    Feature record: C_FEATURE:1c_restrict
    Feature record: C_FEATURE:1c_static_assert
    Feature record: C_FEATURE:1c_variadic_macros


Detecting C [-std=c99] compiler features compiled with the following output:
Change Dir: /home/ctw/webrtc_aec/wav-beamforming/build/CMakeFiles/CMakeTmp

Run Build Command:"/usr/bin/make" "cmTC_fb990/fast"
/usr/bin/make -f CMakeFiles/cmTC_fb990.dir/build.make CMakeFiles/cmTC_fb990.dir/build
make[1]: 进入目录“/home/ctw/webrtc_aec/wav-beamforming/build/CMakeFiles/CMakeTmp”
Building C object CMakeFiles/cmTC_fb990.dir/feature_tests.c.o
/usr/bin/cc   -std=c99 -o CMakeFiles/cmTC_fb990.dir/feature_tests.c.o   -c /home/ctw/webrtc_aec/wav-beamforming/build/CMakeFiles/feature_tests.c
Linking C executable cmTC_fb990
/usr/bin/cmake -E cmake_link_script CMakeFiles/cmTC_fb990.dir/link.txt --verbose=1
/usr/bin/cc      -rdynamic CMakeFiles/cmTC_fb990.dir/feature_tests.c.o  -o cmTC_fb990 
make[1]: 离开目录“/home/ctw/webrtc_aec/wav-beamforming/build/CMakeFiles/CMakeTmp”


    Feature record: C_FEATURE:1c_function_prototypes
    Feature record: C_FEATURE:1c_restrict
    Feature record: C_FEATURE:0c_static_assert
    Feature record: C_FEATURE:1c_variadic_macros


Detecting C [-std=c90] compiler features compiled with the following output:
Change Dir: /home/ctw/webrtc_aec/wav-beamforming/build/CMakeFiles/CMakeTmp

Run Build Command:"/usr/bin/make" "cmTC_89426/fast"
/usr/bin/make -f CMakeFiles/cmTC_89426.dir/build.make CMakeFiles/cmTC_89426.dir/build
make[1]: 进入目录“/home/ctw/webrtc_aec/wav-beamforming/build/CMakeFiles/CMakeTmp”
Building C object CMakeFiles/cmTC_89426.dir/feature_tests.c.o
/usr/bin/cc   -std=c90 -o CMakeFiles/cmTC_89426.dir/feature_tests.c.o   -c /home/ctw/webrtc_aec/wav-beamforming/build/CMakeFiles/feature_tests.c
Linking C executable cmTC_89426
/usr/bin/cmake -E cmake_link_script CMakeFiles/cmTC_89426.dir/link.txt --verbose=1
/usr/bin/cc      -rdynamic CMakeFiles/cmTC_89426.dir/feature_tests.c.o  -o cmTC_89426 
make[1]: 离开目录“/home/ctw/webrtc_aec/wav-beamforming/build/CMakeFiles/CMakeTmp”


    Feature record: C_FEATURE:1c_function_prototypes
    Feature record: C_FEATURE:0c_restrict
    Feature record: C_FEATURE:0c_static_assert
    Feature record: C_FEATURE:0c_variadic_macros
Determining if the CXX compiler works passed with the following output:
Change Dir: /home/ctw/webrtc_aec/wav-beamforming/build/CMakeFiles/CMakeTmp

Run Build Command:"/usr/bin/make" "cmTC_98e98/fast"
/usr/bin/make -f CMakeFiles/cmTC_98e98.dir/build.make CMakeFiles/cmTC_98e98.dir/build
make[1]: 进入目录“/home/ctw/webrtc_aec/wav-beamforming/build/CMakeFiles/CMakeTmp”
Building CXX object CMakeFiles/cmTC_98e98.dir/testCXXCompiler.cxx.o
/usr/bin/c++     -o CMakeFiles/cmTC_98e98.dir/testCXXCompiler.cxx.o -c /home/ctw/webrtc_aec/wav-beamforming/build/CMakeFiles/CMakeTmp/testCXXCompiler.cxx
Linking CXX executable cmTC_98e98
/usr/bin/cmake -E cmake_link_script CMakeFiles/cmTC_98e98.dir/link.txt --verbose=1
/usr/bin/c++       -rdynamic CMakeFiles/cmTC_98e98.dir/testCXXCompiler.cxx.o  -o cmTC_98e98 
make[1]: 离开目录“/home/ctw/webrtc_aec/wav-beamforming/build/CMakeFiles/CMakeTmp”


Detecting CXX compiler ABI info compiled with the following output:
Change Dir: /home/ctw/webrtc_aec/wav-beamforming/build/CMakeFiles/CMakeTmp

Run Build Command:"/usr/bin/make" "cmTC_47bcb/fast"
/usr/bin/make -f CMakeFiles/cmTC_47bcb.dir/build.make CMakeFiles/cmTC_47bcb.dir/build
make[1]: 进入目录“/home/ctw/webrtc_aec/wav-beamforming/build/CMakeFiles/CMakeTmp”
Building CXX object CMakeFiles/cmTC_47bcb.dir/CMakeCXXCompilerABI.cpp.o
/usr/bin/c++     -o CMakeFiles/cmTC_47bcb.dir/CMakeCXXCompilerABI.cpp.o -c /usr/share/cmake-3.10/Modules/CMakeCXXCompilerABI.cpp
Linking CXX executable cmTC_47bcb
/usr/bin/cmake -E cmake_link_script CMakeFiles/cmTC_47bcb.dir/link.txt --verbose=1
/usr/bin/c++      -v -rdynamic CMakeFiles/cmTC_47bcb.dir/CMakeCXXCompilerABI.cpp.o  -o cmTC_47bcb 
Using built-in specs.
COLLECT_GCC=/usr/bin/c++
COLLECT_LTO_WRAPPER=/usr/lib/gcc/x86_64-linux-gnu/7/lto-wrapper
OFFLOAD_TARGET_NAMES=nvptx-none
OFFLOAD_TARGET_DEFAULT=1
Target: x86_64-linux-gnu
Configured with: ../src/configure -v --with-pkgversion='Ubuntu 7.5.0-3ubuntu1~18.04' --with-bugurl=file:///usr/share/doc/gcc-7/README.Bugs --enable-languages=c,ada,c++,go,brig,d,fortran,objc,obj-c++ --prefix=/usr --with-gcc-major-version-only --program-suffix=-7 --program-prefix=x86_64-linux-gnu- --enable-shared --enable-linker-build-id --libexecdir=/usr/lib --without-included-gettext --enable-threads=posix --libdir=/usr/lib --enable-nls --enable-bootstrap --enable-clocale=gnu --enable-libstdcxx-debug --enable-libstdcxx-time=yes --with-default-libstdcxx-abi=new --enable-gnu-unique-object --disable-vtable-verify --enable-libmpx --enable-plugin --enable-default-pie --with-system-zlib --with-target-system-zlib --enable-objc-gc=auto --enable-multiarch --disable-werror --with-arch-32=i686 --with-abi=m64 --with-multilib-list=m32,m64,mx32 --enable-multilib --with-tune=generic --enable-offload-targets=nvptx-none --without-cuda-driver --enable-checking=release --build=x86_64-linux-gnu --host=x86_64-linux-gnu --target=x86_64-linux-gnu
Thread model: posix
gcc version 7.5.0 (Ubuntu 7.5.0-3ubuntu1~18.04) 
COMPILER_PATH=/usr/lib/gcc/x86_64-linux-gnu/7/:/usr/lib/gcc/x86_64-linux-gnu/7/:/usr/lib/gcc/x86_64-linux-gnu/:/usr/lib/gcc/x86_64-linux-gnu/7/:/usr/lib/gcc/x86_64-linux-gnu/
LIBRARY_PATH=/usr/lib/gcc/x86_64-linux-gnu/7/:/usr/lib/gcc/x86_64-linux-gnu/7/../../../x86_64-linux-gnu/:/usr/lib/gcc/x86_64-linux-gnu/7/../../../../lib/:/lib/x86_64-linux-gnu/:/lib/../lib/:/usr/lib/x86_64-linux-gnu/:/usr/lib/../lib/:/usr/lib/gcc/x86_64-linux-gnu/7/../../../:/lib/:/usr/lib/
COLLECT_GCC_OPTIONS='-v' '-rdynamic' '-o' 'cmTC_47bcb' '-shared-libgcc' '-mtune=generic' '-march=x86-64'
 /usr/lib/gcc/x86_64-linux-gnu/7/collect2 -plugin /usr/lib/gcc/x86_64-linux-gnu/7/liblto_plugin.so -plugin-opt=/usr/lib/gcc/x86_64-linux-gnu/7/lto-wrapper -plugin-opt=-fresolution=/tmp/cctvf5Io.res -plugin-opt=-pass-through=-lgcc_s -plugin-opt=-pass-through=-lgcc -plugin-opt=-pass-through=-lc -plugin-opt=-pass-through=-lgcc_s -plugin-opt=-pass-through=-lgcc --build-id --eh-frame-hdr -m elf_x86_64 --hash-style=gnu --as-needed -export-dynamic -dynamic-linker /lib64/ld-linux-x86-64.so.2 -pie -z now -z relro -o cmTC_47bcb /usr/lib/gcc/x86_64-linux-gnu/7/../../../x86_64-linux-gnu/Scrt1.o /usr/lib/gcc/x86_64-linux-gnu/7/../../../x86_64-linux-gnu/crti.o /usr/lib/gcc/x86_64-linux-gnu/7/crtbeginS.o -L/usr/lib/gcc/x86_64-linux-gnu/7 -L/usr/lib/gcc/x86_64-linux-gnu/7/../../../x86_64-linux-gnu -L/usr/lib/gcc/x86_64-linux-gnu/7/../../../../lib -L/lib/x86_64-linux-gnu -L/lib/../lib -L/usr/lib/x86_64-linux-gnu -L/usr/lib/../lib -L/usr/lib/gcc/x86_64-linux-gnu/7/../../.. CMakeFiles/cmTC_47bcb.dir/CMakeCXXCompilerABI.cpp.o -lstdc++ -lm -lgcc_s -lgcc -lc -lgcc_s -lgcc /usr/lib/gcc/x86_64-linux-gnu/7/crtendS.o /usr/lib/gcc/x86_64-linux-gnu/7/../../../x86_64-linux-gnu/crtn.o
COLLECT_GCC_OPTIONS='-v' '-rdynamic' '-o' 'cmTC_47bcb' '-shared-libgcc' '-mtune=generic' '-march=x86-64'
make[1]: 离开目录“/home/ctw/webrtc_aec/wav-beamforming/build/CMakeFiles/CMakeTmp”


Parsed CXX implicit link information from above output:
  link line regex: [^( *|.*[/\])(ld|CMAKE_LINK_STARTFILE-NOTFOUND|([^/\]+-)?ld|collect2)[^/\]*( |$)]
  ignore line: [Change Dir: /home/ctw/webrtc_aec/wav-beamforming/build/CMakeFiles/CMakeTmp]
  ignore line: []
  ignore line: [Run Build Command:"/usr/bin/make" "cmTC_47bcb/fast"]
  ignore line: [/usr/bin/make -f CMakeFiles/cmTC_47bcb.dir/build.make CMakeFiles/cmTC_47bcb.dir/build]
  ignore line: [make[1]: 进入目录“/home/ctw/webrtc_aec/wav-beamforming/build/CMakeFiles/CMakeTmp”]
  ignore line: [Building CXX object CMakeFiles/cmTC_47bcb.dir/CMakeCXXCompilerABI.cpp.o]
  ignore line: [/usr/bin/c++     -o CMakeFiles/cmTC_47bcb.dir/CMakeCXXCompilerABI.cpp.o -c /usr/share/cmake-3.10/Modules/CMakeCXXCompilerABI.cpp]
  ignore line: [Linking CXX executable cmTC_47bcb]
  ignore line: [/usr/bin/cmake -E cmake_link_script CMakeFiles/cmTC_47bcb.dir/link.txt --verbose=1]
  ignore line: [/usr/bin/c++      -v -rdynamic CMakeFiles/cmTC_47bcb.dir/CMakeCXXCompilerABI.cpp.o  -o cmTC_47bcb ]
  ignore line: [Using built-in specs.]
  ignore line: [COLLECT_GCC=/usr/bin/c++]
  ignore line: [COLLECT_LTO_WRAPPER=/usr/lib/gcc/x86_64-linux-gnu/7/lto-wrapper]
  ignore line: [OFFLOAD_TARGET_NAMES=nvptx-none]
  ignore line: [OFFLOAD_TARGET_DEFAULT=1]
  ignore line: [Target: x86_64-linux-gnu]
  ignore line: [Configured with: ../src/configure -v --with-pkgversion='Ubuntu 7.5.0-3ubuntu1~18.04' --with-bugurl=file:///usr/share/doc/gcc-7/README.Bugs --enable-languages=c,ada,c++,go,brig,d,fortran,objc,obj-c++ --prefix=/usr --with-gcc-major-version-only --program-suffix=-7 --program-prefix=x86_64-linux-gnu- --enable-shared --enable-linker-build-id --libexecdir=/usr/lib --without-included-gettext --enable-threads=posix --libdir=/usr/lib --enable-nls --enable-bootstrap --enable-clocale=gnu --enable-libstdcxx-debug --enable-libstdcxx-time=yes --with-default-libstdcxx-abi=new --enable-gnu-unique-object --disable-vtable-verify --enable-libmpx --enable-plugin --enable-default-pie --with-system-zlib --with-target-system-zlib --enable-objc-gc=auto --enable-multiarch --disable-werror --with-arch-32=i686 --with-abi=m64 --with-multilib-list=m32,m64,mx32 --enable-multilib --with-tune=generic --enable-offload-targets=nvptx-none --without-cuda-driver --enable-checking=release --build=x86_64-linux-gnu --host=x86_64-linux-gnu --target=x86_64-linux-gnu]
  ignore line: [Thread model: posix]
  ignore line: [gcc version 7.5.0 (Ubuntu 7.5.0-3ubuntu1~18.04) ]
  ignore line: [COMPILER_PATH=/usr/lib/gcc/x86_64-linux-gnu/7/:/usr/lib/gcc/x86_64-linux-gnu/7/:/usr/lib/gcc/x86_64-linux-gnu/:/usr/lib/gcc/x86_64-linux-gnu/7/:/usr/lib/gcc/x86_64-linux-gnu/]
  ignore line: [LIBRARY_PATH=/usr/lib/gcc/x86_64-linux-gnu/7/:/usr/lib/gcc/x86_64-linux-gnu/7/../../../x86_64-linux-gnu/:/usr/lib/gcc/x86_64-linux-gnu/7/../../../../lib/:/lib/x86_64-linux-gnu/:/lib/../lib/:/usr/lib/x86_64-linux-gnu/:/usr/lib/../lib/:/usr/lib/gcc/x86_64-linux-gnu/7/../../../:/lib/:/usr/lib/]
  ignore line: [COLLECT_GCC_OPTIONS='-v' '-rdynamic' '-o' 'cmTC_47bcb' '-shared-libgcc' '-mtune=generic' '-march=x86-64']
  link line: [ /usr/lib/gcc/x86_64-linux-gnu/7/collect2 -plugin /usr/lib/gcc/x86_64-linux-gnu/7/liblto_plugin.so -plugin-opt=/usr/lib/gcc/x86_64-linux-gnu/7/lto-wrapper -plugin-opt=-fresolution=/tmp/cctvf5Io.res -plugin-opt=-pass-through=-lgcc_s -plugin-opt=-pass-through=-lgcc -plugin-opt=-pass-through=-lc -plugin-opt=-pass-through=-lgcc_s -plugin-opt=-pass-through=-lgcc --build-id --eh-frame-hdr -m elf_x86_64 --hash-style=gnu --as-needed -export-dynamic -dynamic-linker /lib64/ld-linux-x86-64.so.2 -pie -z now -z relro -o cmTC_47bcb /usr/lib/gcc/x86_64-linux-gnu/7/../../../x86_64-linux-gnu/Scrt1.o /usr/lib/gcc/x86_64-linux-gnu/7/../../../x86_64-linux-gnu/crti.o /usr/lib/gcc/x86_64-linux-gnu/7/crtbeginS.o -L/usr/lib/gcc/x86_64-linux-gnu/7 -L/usr/lib/gcc/x86_64-linux-gnu/7/../../../x86_64-linux-gnu -L/usr/lib/gcc/x86_64-linux-gnu/7/../../../../lib -L/lib/x86_64-linux-gnu -L/lib/../lib -L/usr/lib/x86_64-linux-gnu -L/usr/lib/../lib -L/usr/lib/gcc/x86_64-linux-gnu/7/../../.. CMakeFiles/cmTC_47bcb.dir/CMakeCXXCompilerABI.cpp.o -lstdc++ -lm -lgcc_s -lgcc -lc -lgcc_s -lgcc /usr/lib/gcc/x86_64-linux-gnu/7/crtendS.o /usr/lib/gcc/x86_64-linux-gnu/7/../../../x86_64-linux-gnu/crtn.o]
    arg [/usr/lib/gcc/x86_64-linux-gnu/7/collect2] ==> ignore
    arg [-plugin] ==> ignore
    arg [/usr/lib/gcc/x86_64-linux-gnu/7/liblto_plugin.so] ==> ignore
    arg [-plugin-opt=/usr/lib/gcc/x86_64-linux-gnu/7/lto-wrapper] ==> ignore
    arg [-plugin-opt=-fresolution=/tmp/cctvf5Io.res] ==> ignore
    arg [-plugin-opt=-pass-through=-lgcc_s] ==> ignore
    arg [-plugin-opt=-pass-through=-lgcc] ==> ignore
    arg [-plugin-opt=-pass-through=-lc] ==> ignore
    arg [-plugin-opt=-pass-through=-lgcc_s] ==> ignore
    arg [-plugin-opt=-pass-through=-lgcc] ==> ignore
    arg [--build-id] ==> ignore
    arg [--eh-frame-hdr] ==> ignore
    arg [-m] ==> ignore
    arg [elf_x86_64] ==> ignore
    arg [--hash-style=gnu] ==> ignore
    arg [--as-needed] ==> ignore
    arg [-export-dynamic] ==> ignore
    arg [-dynamic-linker] ==> ignore
    arg [/lib64/ld-linux-x86-64.so.2] ==> ignore
    arg [-pie] ==> ignore
    arg [-znow] ==> ignore
    arg [-zrelro] ==> ignore
    arg [-o] ==> ignore
    arg [cmTC_47bcb] ==> ignore
    arg [/usr/lib/gcc/x86_64-linux-gnu/7/../../../x86_64-linux-gnu/Scrt1.o] ==> ignore
    arg [/usr/lib/gcc/x86_64-linux-gnu/7/../../../x86_64-linux-gnu/crti.o] ==> ignore
    arg [/usr/lib/gcc/x86_64-linux-gnu/7/crtbeginS.o] ==> ignore
    arg [-L/usr/lib/gcc/x86_64-linux-gnu/7] ==> dir [/usr/lib/gcc/x86_64-linux-gnu/7]
    arg [-L/usr/lib/gcc/x86_64-linux-gnu/7/../../../x86_64-linux-gnu] ==> dir [/usr/lib/gcc/x86_64-linux-gnu/7/../../../x86_64-linux-gnu]
    arg [-L/usr/lib/gcc/x86_64-linux-gnu/7/../../../../lib] ==> dir [/usr/lib/gcc/x86_64-linux-gnu/7/../../../../lib]
    arg [-L/lib/x86_64-linux-gnu] ==> dir [/lib/x86_64-linux-gnu]
    arg [-L/lib/../lib] ==> dir [/lib/../lib]
    arg [-L/usr/lib/x86_64-linux-gnu] ==> dir [/usr/lib/x86_64-linux-gnu]
    arg [-L/usr/lib/../lib] ==> dir [/usr/lib/../lib]
    arg [-L/usr/lib/gcc/x86_64-linux-gnu/7/../../..] ==> dir [/usr/lib/gcc/x86_64-linux-gnu/7/../../..]
    arg [CMakeFiles/cmTC_47bcb.dir/CMakeCXXCompilerABI.cpp.o] ==> ignore
    arg [-lstdc++] ==> lib [stdc++]
    arg [-lm] ==> lib [m]
    arg [-lgcc_s] ==> lib [gcc_s]
    arg [-lgcc] ==> lib [gcc]
    arg [-lc] ==> lib [c]
    arg [-lgcc_s] ==> lib [gcc_s]
    arg [-lgcc] ==> lib [gcc]
    arg [/usr/lib/gcc/x86_64-linux-gnu/7/crtendS.o] ==> ignore
    arg [/usr/lib/gcc/x86_64-linux-gnu/7/../../../x86_64-linux-gnu/crtn.o] ==> ignore
  collapse library dir [/usr/lib/gcc/x86_64-linux-gnu/7] ==> [/usr/lib/gcc/x86_64-linux-gnu/7]
  collapse library dir [/usr/lib/gcc/x86_64-linux-gnu/7/../../../x86_64-linux-gnu] ==> [/usr/lib/x86_64-linux-gnu]
  collapse library dir [/usr/lib/gcc/x86_64-linux-gnu/7/../../../../lib] ==> [/usr/lib]
  collapse library dir [/lib/x86_64-linux-gnu] ==> [/lib/x86_64-linux-gnu]
  collapse library dir [/lib/../lib] ==> [/lib]
  collapse library dir [/usr/lib/x86_64-linux-gnu] ==> [/usr/lib/x86_64-linux-gnu]
  collapse library dir [/usr/lib/../lib] ==> [/usr/lib]
  collapse library dir [/usr/lib/gcc/x86_64-linux-gnu/7/../../..] ==> [/usr/lib]
  implicit libs: [stdc++;m;gcc_s;gcc;c;gcc_s;gcc]
  implicit dirs: [/usr/lib/gcc/x86_64-linux-gnu/7;/usr/lib/x86_64-linux-gnu;/usr/lib;/lib/x86_64-linux-gnu;/lib]
  implicit fwks: []




Detecting CXX [-std=c++1z] compiler features compiled with the following output:
Change Dir: /home/ctw/webrtc_aec/wav-beamforming/build/CMakeFiles/CMakeTmp

Run Build Command:"/usr/bin/make" "cmTC_20030/fast"
/usr/bin/make -f CMakeFiles/cmTC_20030.dir/build.make CMakeFiles/cmTC_20030.dir/build
make[1]: 进入目录“/home/ctw/webrtc_aec/wav-beamforming/build/CMakeFiles/CMakeTmp”
Building CXX object CMakeFiles/cmTC_20030.dir/feature_tests.cxx.o
/usr/bin/c++    -std=c++1z -o CMakeFiles/cmTC_20030.dir/feature_tests.cxx.o -c /home/ctw/webrtc_aec/wav-beamforming/build/CMakeFiles/feature_tests.cxx
Linking CXX executable cmTC_20030
/usr/bin/cmake -E cmake_link_script CMakeFiles/cmTC_20030.dir/link.txt --verbose=1
/usr/bin/c++       -rdynamic CMakeFiles/cmTC_20030.dir/feature_tests.cxx.o  -o cmTC_20030 
make[1]: 离开目录“/home/ctw/webrtc_aec/wav-beamforming/build/CMakeFiles/CMakeTmp”


    Feature record: CXX_FEATURE:1cxx_aggregate_default_initializers
    Feature record: CXX_FEATURE:1cxx_alias_templates
    Feature record: CXX_FEATURE:1cxx_alignas
    Feature record: CXX_FEATURE:1cxx_alignof
    Feature record: CXX_FEATURE:1cxx_attributes
    Feature record: CXX_FEATURE:1cxx_attribute_deprecated
    Feature record: CXX_FEATURE:1cxx_auto_type
    Feature record: CXX_FEATURE:1cxx_binary_literals
    Feature record: CXX_FEATURE:1cxx_constexpr
    Feature record: CXX_FEATURE:1cxx_contextual_conversions
    Feature record: CXX_FEATURE:1cxx_decltype
    Feature record: CXX_FEATURE:1cxx_decltype_auto
    Feature record: CXX_FEATURE:1cxx_decltype_incomplete_return_types
    Feature record: CXX_FEATURE:1cxx_default_function_template_args
    Feature record: CXX_FEATURE:1cxx_defaulted_functions
    Feature record: CXX_FEATURE:1cxx_defaulted_move_initializers
    Feature record: CXX_FEATURE:1cxx_delegating_constructors
    Feature record: CXX_FEATURE:1cxx_deleted_functions
    Feature record: CXX_FEATURE:1cxx_digit_separators
    Feature record: CXX_FEATURE:1cxx_enum_forward_declarations
    Feature record: CXX_FEATURE:1cxx_explicit_conversions
    Feature record: CXX_FEATURE:1cxx_extended_friend_declarations
    Feature record: CXX_FEATURE:1cxx_extern_templates
    Feature record: CXX_FEATURE:1cxx_final
    Feature record: CXX_FEATURE:1cxx_func_identifier
    Feature record: CXX_FEATURE:1cxx_generalized_initializers
    Feature record: CXX_FEATURE:1cxx_generic_lambdas
    Feature record: CXX_FEATURE:1cxx_inheriting_constructors
    Feature record: CXX_FEATURE:1cxx_inline_namespaces
    Feature record: CXX_FEATURE:1cxx_lambdas
    Feature record: CXX_FEATURE:1cxx_lambda_init_captures
    Feature record: CXX_FEATURE:1cxx_local_type_template_args
    Feature record: CXX_FEATURE:1cxx_long_long_type
    Feature record: CXX_FEATURE:1cxx_noexcept
    Feature record: CXX_FEATURE:1cxx_nonstatic_member_init
    Feature record: CXX_FEATURE:1cxx_nullptr
    Feature record: CXX_FEATURE:1cxx_override
    Feature record: CXX_FEATURE:1cxx_range_for
    Feature record: CXX_FEATURE:1cxx_raw_string_literals
    Feature record: CXX_FEATURE:1cxx_reference_qualified_functions
    Feature record: CXX_FEATURE:1cxx_relaxed_constexpr
    Feature record: CXX_FEATURE:1cxx_return_type_deduction
    Feature record: CXX_FEATURE:1cxx_right_angle_brackets
    Feature record: CXX_FEATURE:1cxx_rvalue_references
    Feature record: CXX_FEATURE:1cxx_sizeof_member
    Feature record: CXX_FEATURE:1cxx_static_assert
    Feature record: CXX_FEATURE:1cxx_strong_enums
    Feature record: CXX_FEATURE:1cxx_template_template_parameters
    Feature record: CXX_FEATURE:1cxx_thread_local
    Feature record: CXX_FEATURE:1cxx_trailing_return_types
    Feature record: CXX_FEATURE:1cxx_unicode_literals
    Feature record: CXX_FEATURE:1cxx_uniform_initialization
    Feature record: CXX_FEATURE:1cxx_unrestricted_unions
    Feature record: CXX_FEATURE:1cxx_user_literals
    Feature record: CXX_FEATURE:1cxx_variable_templates
    Feature record: CXX_FEATURE:1cxx_variadic_macros
    Feature record: CXX_FEATURE:1cxx_variadic_templates


Detecting CXX [-std=c++14] compiler features compiled with the following output:
Change Dir: /home/ctw/webrtc_aec/wav-beamforming/build/CMakeFiles/CMakeTmp

Run Build Command:"/usr/bin/make" "cmTC_1da40/fast"
/usr/bin/make -f CMakeFiles/cmTC_1da40.dir/build.make CMakeFiles/cmTC_1da40.dir/build
make[1]: 进入目录“/home/ctw/webrtc_aec/wav-beamforming/build/CMakeFiles/CMakeTmp”
Building CXX object CMakeFiles/cmTC_1da40.dir/feature_tests.cxx.o
/usr/bin/c++    -std=c++14 -o CMakeFiles/cmTC_1da40.dir/feature_tests.cxx.o -c /home/ctw/webrtc_aec/wav-beamforming/build/CMakeFiles/feature_tests.cxx
Linking CXX executable cmTC_1da40
/usr/bin/cmake -E cmake_link_script CMakeFiles/cmTC_1da40.dir/link.txt --verbose=1
/usr/bin/c++       -rdynamic CMakeFiles/cmTC_1da40.dir/feature_tests.cxx.o  -o cmTC_1da40 
make[1]: 离开目录“/home/ctw/webrtc_aec/wav-beamforming/build/CMakeFiles/CMakeTmp”


    Feature record: CXX_FEATURE:1cxx_aggregate_default_initializers
    Feature record: CXX_FEATURE:1cxx_alias_templates
    Feature record: CXX_FEATURE:1cxx_alignas
    Feature record: CXX_FEATURE:1cxx_alignof
    Feature record: CXX_FEATURE:1cxx_attributes
    Feature record: CXX_FEATURE:1cxx_attribute_deprecated
    Feature record: CXX_FEATURE:1cxx_auto_type
    Feature record: CXX_FEATURE:1cxx_binary_literals
    Feature record: CXX_FEATURE:1cxx_constexpr
    Feature record: CXX_FEATURE:1cxx_contextual_conversions
    Feature record: CXX_FEATURE:1cxx_decltype
    Feature record: CXX_FEATURE:1cxx_decltype_auto
    Feature record: CXX_FEATURE:1cxx_decltype_incomplete_return_types
    Feature record: CXX_FEATURE:1cxx_default_function_template_args
    Feature record: CXX_FEATURE:1cxx_defaulted_functions
    Feature record: CXX_FEATURE:1cxx_defaulted_move_initializers
    Feature record: CXX_FEATURE:1cxx_delegating_constructors
    Feature record: CXX_FEATURE:1cxx_deleted_functions
    Feature record: CXX_FEATURE:1cxx_digit_separators
    Feature record: CXX_FEATURE:1cxx_enum_forward_declarations
    Feature record: CXX_FEATURE:1cxx_explicit_conversions
    Feature record: CXX_FEATURE:1cxx_extended_friend_declarations
    Feature record: CXX_FEATURE:1cxx_extern_templates
    Feature record: CXX_FEATURE:1cxx_final
    Feature record: CXX_FEATURE:1cxx_func_identifier
    Feature record: CXX_FEATURE:1cxx_generalized_initializers
    Feature record: CXX_FEATURE:1cxx_generic_lambdas
    Feature record: CXX_FEATURE:1cxx_inheriting_constructors
    Feature record: CXX_FEATURE:1cxx_inline_namespaces
    Feature record: CXX_FEATURE:1cxx_lambdas
    Feature record: CXX_FEATURE:1cxx_lambda_init_captures
    Feature record: CXX_FEATURE:1cxx_local_type_template_args
    Feature record: CXX_FEATURE:1cxx_long_long_type
    Feature record: CXX_FEATURE:1cxx_noexcept
    Feature record: CXX_FEATURE:1cxx_nonstatic_member_init
    Feature record: CXX_FEATURE:1cxx_nullptr
    Feature record: CXX_FEATURE:1cxx_override
    Feature record: CXX_FEATURE:1cxx_range_for
    Feature record: CXX_FEATURE:1cxx_raw_string_literals
    Feature record: CXX_FEATURE:1cxx_reference_qualified_functions
    Feature record: CXX_FEATURE:1cxx_relaxed_constexpr
    Feature record: CXX_FEATURE:1cxx_return_type_deduction
    Feature record: CXX_FEATURE:1cxx_right_angle_brackets
    Feature record: CXX_FEATURE:1cxx_rvalue_references
    Feature record: CXX_FEATURE:1cxx_sizeof_member
    Feature record: CXX_FEATURE:1cxx_static_assert
    Feature record: CXX_FEATURE:1cxx_strong_enums
    Feature record: CXX_FEATURE:1cxx_template_template_parameters
    Feature record: CXX_FEATURE:1cxx_thread_local
    Feature record: CXX_FEATURE:1cxx_trailing_return_types
    Feature record: CXX_FEATURE:1cxx_unicode_literals
    Feature record: CXX_FEATURE:1cxx_uniform_initialization
    Feature record: CXX_FEATURE:1cxx_unrestricted_unions
    Feature record: CXX_FEATURE:1cxx_user_literals
    Feature record: CXX_FEATURE:1cxx_variable_templates
    Feature record: CXX_FEATURE:1cxx_variadic_macros
    Feature record: CXX_FEATURE:1cxx_variadic_templates


Detecting CXX [-std=c++11] compiler features compiled with the following output:
Change Dir: /home/ctw/webrtc_aec/wav-beamforming/build/CMakeFiles/CMakeTmp

Run Build Command:"/usr/bin/make" "cmTC_b7381/fast"
/usr/bin/make -f CMakeFiles/cmTC_b7381.dir/build.make CMakeFiles/cmTC_b7381.dir/build
make[1]: 进入目录“/home/ctw/webrtc_aec/wav-beamforming/build/CMakeFiles/CMakeTmp”
Building CXX object CMakeFiles/cmTC_b7381.dir/feature_tests.cxx.o
/usr/bin/c++    -std=c++11 -o CMakeFiles/cmTC_b7381.dir/feature_tests.cxx.o -c /home/ctw/webrtc_aec/wav-beamforming/build/CMakeFiles/feature_tests.cxx
Linking CXX executable cmTC_b7381
/usr/bin/cmake -E cmake_link_script CMakeFiles/cmTC_b7381.dir/link.txt --verbose=1
/usr/bin/c++       -rdynamic CMakeFiles/cmTC_b7381.dir/feature_tests.cxx.o  -o cmTC_b7381 
make[1]: 离开目录“/home/ctw/webrtc_aec/wav-beamforming/build/CMakeFiles/CMakeTmp”


    Feature record: CXX_FEATURE:0cxx_aggregate_default_initializers
    Feature record: CXX_FEATURE:1cxx_alias_templates
    Feature record: CXX_FEATURE:1cxx_alignas
    Feature record: CXX_FEATURE:1cxx_alignof
    Feature record: CXX_FEATURE:1cxx_attributes
    Feature record: CXX_FEATURE:0cxx_attribute_deprecated
    Feature record: CXX_FEATURE:1cxx_auto_type
    Feature record: CXX_FEATURE:0cxx_binary_literals
    Feature record: CXX_FEATURE:1cxx_constexpr
    Feature record: CXX_FEATURE:0cxx_contextual_conversions
    Feature record: CXX_FEATURE:1cxx_decltype
    Feature record: CXX_FEATURE:0cxx_decltype_auto
    Feature record: CXX_FEATURE:1cxx_decltype_incomplete_return_types
    Feature record: CXX_FEATURE:1cxx_default_function_template_args
    Feature record: CXX_FEATURE:1cxx_defaulted_functions
    Feature record: CXX_FEATURE:1cxx_defaulted_move_initializers
    Feature record: CXX_FEATURE:1cxx_delegating_constructors
    Feature record: CXX_FEATURE:1cxx_deleted_functions
    Feature record: CXX_FEATURE:0cxx_digit_separators
    Feature record: CXX_FEATURE:1cxx_enum_forward_declarations
    Feature record: CXX_FEATURE:1cxx_explicit_conversions
    Feature record: CXX_FEATURE:1cxx_extended_friend_declarations
    Feature record: CXX_FEATURE:1cxx_extern_templates
    Feature record: CXX_FEATURE:1cxx_final
    Feature record: CXX_FEATURE:1cxx_func_identifier
    Feature record: CXX_FEATURE:1cxx_generalized_initializers
    Feature record: CXX_FEATURE:0cxx_generic_lambdas
    Feature record: CXX_FEATURE:1cxx_inheriting_constructors
    Feature record: CXX_FEATURE:1cxx_inline_namespaces
    Feature record: CXX_FEATURE:1cxx_lambdas
    Feature record: CXX_FEATURE:0cxx_lambda_init_captures
    Feature record: CXX_FEATURE:1cxx_local_type_template_args
    Feature record: CXX_FEATURE:1cxx_long_long_type
    Feature record: CXX_FEATURE:1cxx_noexcept
    Feature record: CXX_FEATURE:1cxx_nonstatic_member_init
    Feature record: CXX_FEATURE:1cxx_nullptr
    Feature record: CXX_FEATURE:1cxx_override
    Feature record: CXX_FEATURE:1cxx_range_for
    Feature record: CXX_FEATURE:1cxx_raw_string_literals
    Feature record: CXX_FEATURE:1cxx_reference_qualified_functions
    Feature record: CXX_FEATURE:0cxx_relaxed_constexpr
    Feature record: CXX_FEATURE:0cxx_return_type_deduction
    Feature record: CXX_FEATURE:1cxx_right_angle_brackets
    Feature record: CXX_FEATURE:1cxx_rvalue_references
    Feature record: CXX_FEATURE:1cxx_sizeof_member
    Feature record: CXX_FEATURE:1cxx_static_assert
    Feature record: CXX_FEATURE:1cxx_strong_enums
    Feature record: CXX_FEATURE:1cxx_template_template_parameters
    Feature record: CXX_FEATURE:1cxx_thread_local
    Feature record: CXX_FEATURE:1cxx_trailing_return_types
    Feature record: CXX_FEATURE:1cxx_unicode_literals
    Feature record: CXX_FEATURE:1cxx_uniform_initialization
    Feature record: CXX_FEATURE:1cxx_unrestricted_unions
    Feature record: CXX_FEATURE:1cxx_user_literals
    Feature record: CXX_FEATURE:0cxx_variable_templates
    Feature record: CXX_FEATURE:1cxx_variadic_macros
    Feature record: CXX_FEATURE:1cxx_variadic_templates


Detecting CXX [-std=c++98] compiler features compiled with the following output:
Change Dir: /home/ctw/webrtc_aec/wav-beamforming/build/CMakeFiles/CMakeTmp

Run Build Command:"/usr/bin/make" "cmTC_e27c8/fast"
/usr/bin/make -f CMakeFiles/cmTC_e27c8.dir/build.make CMakeFiles/cmTC_e27c8.dir/build
make[1]: 进入目录“/home/ctw/webrtc_aec/wav-beamforming/build/CMakeFiles/CMakeTmp”
Building CXX object CMakeFiles/cmTC_e27c8.dir/feature_tests.cxx.o
/usr/bin/c++    -std=c++98 -o CMakeFiles/cmTC_e27c8.dir/feature_tests.cxx.o -c /home/ctw/webrtc_aec/wav-beamforming/build/CMakeFiles/feature_tests.cxx
Linking CXX executable cmTC_e27c8
/usr/bin/cmake -E cmake_link_script CMakeFiles/cmTC_e27c8.dir/link.txt --verbose=1
/usr/bin/c++       -rdynamic CMakeFiles/cmTC_e27c8.dir/feature_tests.cxx.o  -o cmTC_e27c8 
make[1]: 离开目录“/home/ctw/webrtc_aec/wav-beamforming/build/CMakeFiles/CMakeTmp”


    Feature record: CXX_FEATURE:0cxx_aggregate_default_initializers
    Feature record: CXX_FEATURE:0cxx_alias_templates
    Feature record: CXX_FEATURE:0cxx_alignas
    Feature record: CXX_FEATURE:0cxx_alignof
    Feature record: CXX_FEATURE:0cxx_attributes
    Feature record: CXX_FEATURE:0cxx_attribute_deprecated
    Feature record: CXX_FEATURE:0cxx_auto_type
    Feature record: CXX_FEATURE:0cxx_binary_literals
    Feature record: CXX_FEATURE:0cxx_constexpr
    Feature record: CXX_FEATURE:0cxx_contextual_conversions
    Feature record: CXX_FEATURE:0cxx_decltype
    Feature record: CXX_FEATURE:0cxx_decltype_auto
    Feature record: CXX_FEATURE:0cxx_decltype_incomplete_return_types
    Feature record: CXX_FEATURE:0cxx_default_function_template_args
    Feature record: CXX_FEATURE:0cxx_defaulted_functions
    Feature record: CXX_FEATURE:0cxx_defaulted_move_initializers
    Feature record: CXX_FEATURE:0cxx_delegating_constructors
    Feature record: CXX_FEATURE:0cxx_deleted_functions
    Feature record: CXX_FEATURE:0cxx_digit_separators
    Feature record: CXX_FEATURE:0cxx_enum_forward_declarations
    Feature record: CXX_FEATURE:0cxx_explicit_conversions
    Feature record: CXX_FEATURE:0cxx_extended_friend_declarations
    Feature record: CXX_FEATURE:0cxx_extern_templates
    Feature record: CXX_FEATURE:0cxx_final
    Feature record: CXX_FEATURE:0cxx_func_identifier
    Feature record: CXX_FEATURE:0cxx_generalized_initializers
    Feature record: CXX_FEATURE:0cxx_generic_lambdas
    Feature record: CXX_FEATURE:0cxx_inheriting_constructors
    Feature record: CXX_FEATURE:0cxx_inline_namespaces
    Feature record: CXX_FEATURE:0cxx_lambdas
    Feature record: CXX_FEATURE:0cxx_lambda_init_captures
    Feature record: CXX_FEATURE:0cxx_local_type_template_args
    Feature record: CXX_FEATURE:0cxx_long_long_type
    Feature record: CXX_FEATURE:0cxx_noexcept
    Feature record: CXX_FEATURE:0cxx_nonstatic_member_init
    Feature record: CXX_FEATURE:0cxx_nullptr
    Feature record: CXX_FEATURE:0cxx_override
    Feature record: CXX_FEATURE:0cxx_range_for
    Feature record: CXX_FEATURE:0cxx_raw_string_literals
    Feature record: CXX_FEATURE:0cxx_reference_qualified_functions
    Feature record: CXX_FEATURE:0cxx_relaxed_constexpr
    Feature record: CXX_FEATURE:0cxx_return_type_deduction
    Feature record: CXX_FEATURE:0cxx_right_angle_brackets
    Feature record: CXX_FEATURE:0cxx_rvalue_references
    Feature record: CXX_FEATURE:0cxx_sizeof_member
    Feature record: CXX_FEATURE:0cxx_static_assert
    Feature record: CXX_FEATURE:0cxx_strong_enums
    Feature record: CXX_FEATURE:1cxx_template_template_parameters
    Feature record: CXX_FEATURE:0cxx_thread_local
    Feature record: CXX_FEATURE:0cxx_trailing_return_types
    Feature record: CXX_FEATURE:0cxx_unicode_literals
    Feature record: CXX_FEATURE:0cxx_uniform_initialization
    Feature record: CXX_FEATURE:0cxx_unrestricted_unions
    Feature record: CXX_FEATURE:0cxx_user_literals
    Feature record: CXX_FEATURE:0cxx_variable_templates
    Feature record: CXX_FEATURE:0cxx_variadic_macros
    Feature record: CXX_FEATURE:0cxx_variadic_templates
Determining if the include file unistd.h exists passed with the following output:
Change Dir: /home/ctw/webrtc_aec/wav-beamforming/build/CMakeFiles/CMakeTmp

Run Build Command:"/usr/bin/make" "cmTC_30cc2/fast"
/usr/bin/make -f CMakeFiles/cmTC_30cc2.dir/build.make CMakeFiles/cmTC_30cc2.dir/build
make[1]: 进入目录“/home/ctw/webrtc_aec/wav-beamforming/build/CMakeFiles/CMakeTmp”
Building CXX object CMakeFiles/cmTC_30cc2.dir/CheckIncludeFile.cxx.o
/usr/bin/c++    -std=c++11    -o CMakeFiles/cmTC_30cc2.dir/CheckIncludeFile.cxx.o -c /home/ctw/webrtc_aec/wav-beamforming/build/CMakeFiles/CMakeTmp/CheckIncludeFile.cxx
Linking CXX executable cmTC_30cc2
/usr/bin/cmake -E cmake_link_script CMakeFiles/cmTC_30cc2.dir/link.txt --verbose=1
/usr/bin/c++   -std=c++11     -rdynamic CMakeFiles/cmTC_30cc2.dir/CheckIncludeFile.cxx.o  -o cmTC_30cc2 
make[1]: 离开目录“/home/ctw/webrtc_aec/wav-beamforming/build/CMakeFiles/CMakeTmp”


Determining if the include file stdint.h exists passed with the following output:
Change Dir: /home/ctw/webrtc_aec/wav-beamforming/build/CMakeFiles/CMakeTmp

Run Build Command:"/usr/bin/make" "cmTC_a89b6/fast"
/usr/bin/make -f CMakeFiles/cmTC_a89b6.dir/build.make CMakeFiles/cmTC_a89b6.dir/build
make[1]: 进入目录“/home/ctw/webrtc_aec/wav-beamforming/build/CMakeFiles/CMakeTmp”
Building CXX object CMakeFiles/cmTC_a89b6.dir/CheckIncludeFile.cxx.o
/usr/bin/c++    -std=c++11    -o CMakeFiles/cmTC_a89b6.dir/CheckIncludeFile.cxx.o -c /home/ctw/webrtc_aec/wav-beamforming/build/CMakeFiles/CMakeTmp/CheckIncludeFile.cxx
Linking CXX executable cmTC_a89b6
/usr/bin/cmake -E cmake_link_script CMakeFiles/cmTC_a89b6.dir/link.txt --verbose=1
/usr/bin/c++   -std=c++11     -rdynamic CMakeFiles/cmTC_a89b6.dir/CheckIncludeFile.cxx.o  -o cmTC_a89b6 
make[1]: 离开目录“/home/ctw/webrtc_aec/wav-beamforming/build/CMakeFiles/CMakeTmp”


Determining if the include file inttypes.h exists passed with the following output:
Change Dir: /home/ctw/webrtc_aec/wav-beamforming/build/CMakeFiles/CMakeTmp

Run Build Command:"/usr/bin/make" "cmTC_e1c7a/fast"
/usr/bin/make -f CMakeFiles/cmTC_e1c7a.dir/build.make CMakeFiles/cmTC_e1c7a.dir/build
make[1]: 进入目录“/home/ctw/webrtc_aec/wav-beamforming/build/CMakeFiles/CMakeTmp”
Building CXX object CMakeFiles/cmTC_e1c7a.dir/CheckIncludeFile.cxx.o
/usr/bin/c++    -std=c++11    -o CMakeFiles/cmTC_e1c7a.dir/CheckIncludeFile.cxx.o -c /home/ctw/webrtc_aec/wav-beamforming/build/CMakeFiles/CMakeTmp/CheckIncludeFile.cxx
Linking CXX executable cmTC_e1c7a
/usr/bin/cmake -E cmake_link_script CMakeFiles/cmTC_e1c7a.dir/link.txt --verbose=1
/usr/bin/c++   -std=c++11     -rdynamic CMakeFiles/cmTC_e1c7a.dir/CheckIncludeFile.cxx.o  -o cmTC_e1c7a 
make[1]: 离开目录“/home/ctw/webrtc_aec/wav-beamforming/build/CMakeFiles/CMakeTmp”


Determining if the include file sys/types.h exists passed with the following output:
Change Dir: /home/ctw/webrtc_aec/wav-beamforming/build/CMakeFiles/CMakeTmp

Run Build Command:"/usr/bin/make" "cmTC_254f4/fast"
/usr/bin/make -f CMakeFiles/cmTC_254f4.dir/build.make CMakeFiles/cmTC_254f4.dir/build
make[1]: 进入目录“/home/ctw/webrtc_aec/wav-beamforming/build/CMakeFiles/CMakeTmp”
Building CXX object CMakeFiles/cmTC_254f4.dir/CheckIncludeFile.cxx.o
/usr/bin/c++    -std=c++11    -o CMakeFiles/cmTC_254f4.dir/CheckIncludeFile.cxx.o -c /home/ctw/webrtc_aec/wav-beamforming/build/CMakeFiles/CMakeTmp/CheckIncludeFile.cxx
Linking CXX executable cmTC_254f4
/usr/bin/cmake -E cmake_link_script CMakeFiles/cmTC_254f4.dir/link.txt --verbose=1
/usr/bin/c++   -std=c++11     -rdynamic CMakeFiles/cmTC_254f4.dir/CheckIncludeFile.cxx.o  -o cmTC_254f4 
make[1]: 离开目录“/home/ctw/webrtc_aec/wav-beamforming/build/CMakeFiles/CMakeTmp”


Determining if the include file sys/stat.h exists passed with the following output:
Change Dir: /home/ctw/webrtc_aec/wav-beamforming/build/CMakeFiles/CMakeTmp

Run Build Command:"/usr/bin/make" "cmTC_b09a5/fast"
/usr/bin/make -f CMakeFiles/cmTC_b09a5.dir/build.make CMakeFiles/cmTC_b09a5.dir/build
make[1]: 进入目录“/home/ctw/webrtc_aec/wav-beamforming/build/CMakeFiles/CMakeTmp”
Building CXX object CMakeFiles/cmTC_b09a5.dir/CheckIncludeFile.cxx.o
/usr/bin/c++    -std=c++11    -o CMakeFiles/cmTC_b09a5.dir/CheckIncludeFile.cxx.o -c /home/ctw/webrtc_aec/wav-beamforming/build/CMakeFiles/CMakeTmp/CheckIncludeFile.cxx
Linking CXX executable cmTC_b09a5
/usr/bin/cmake -E cmake_link_script CMakeFiles/cmTC_b09a5.dir/link.txt --verbose=1
/usr/bin/c++   -std=c++11     -rdynamic CMakeFiles/cmTC_b09a5.dir/CheckIncludeFile.cxx.o  -o cmTC_b09a5 
make[1]: 离开目录“/home/ctw/webrtc_aec/wav-beamforming/build/CMakeFiles/CMakeTmp”


Determining if the include file fnmatch.h exists passed with the following output:
Change Dir: /home/ctw/webrtc_aec/wav-beamforming/build/CMakeFiles/CMakeTmp

Run Build Command:"/usr/bin/make" "cmTC_e81c5/fast"
/usr/bin/make -f CMakeFiles/cmTC_e81c5.dir/build.make CMakeFiles/cmTC_e81c5.dir/build
make[1]: 进入目录“/home/ctw/webrtc_aec/wav-beamforming/build/CMakeFiles/CMakeTmp”
Building CXX object CMakeFiles/cmTC_e81c5.dir/CheckIncludeFile.cxx.o
/usr/bin/c++    -std=c++11    -o CMakeFiles/cmTC_e81c5.dir/CheckIncludeFile.cxx.o -c /home/ctw/webrtc_aec/wav-beamforming/build/CMakeFiles/CMakeTmp/CheckIncludeFile.cxx
Linking CXX executable cmTC_e81c5
/usr/bin/cmake -E cmake_link_script CMakeFiles/cmTC_e81c5.dir/link.txt --verbose=1
/usr/bin/c++   -std=c++11     -rdynamic CMakeFiles/cmTC_e81c5.dir/CheckIncludeFile.cxx.o  -o cmTC_e81c5 
make[1]: 离开目录“/home/ctw/webrtc_aec/wav-beamforming/build/CMakeFiles/CMakeTmp”


Determining if the include file stddef.h exists passed with the following output:
Change Dir: /home/ctw/webrtc_aec/wav-beamforming/build/CMakeFiles/CMakeTmp

Run Build Command:"/usr/bin/make" "cmTC_a2167/fast"
/usr/bin/make -f CMakeFiles/cmTC_a2167.dir/build.make CMakeFiles/cmTC_a2167.dir/build
make[1]: 进入目录“/home/ctw/webrtc_aec/wav-beamforming/build/CMakeFiles/CMakeTmp”
Building CXX object CMakeFiles/cmTC_a2167.dir/CheckIncludeFile.cxx.o
/usr/bin/c++    -std=c++11    -o CMakeFiles/cmTC_a2167.dir/CheckIncludeFile.cxx.o -c /home/ctw/webrtc_aec/wav-beamforming/build/CMakeFiles/CMakeTmp/CheckIncludeFile.cxx
Linking CXX executable cmTC_a2167
/usr/bin/cmake -E cmake_link_script CMakeFiles/cmTC_a2167.dir/link.txt --verbose=1
/usr/bin/c++   -std=c++11     -rdynamic CMakeFiles/cmTC_a2167.dir/CheckIncludeFile.cxx.o  -o cmTC_a2167 
make[1]: 离开目录“/home/ctw/webrtc_aec/wav-beamforming/build/CMakeFiles/CMakeTmp”


Determining size of uint32_t passed with the following output:
Change Dir: /home/ctw/webrtc_aec/wav-beamforming/build/CMakeFiles/CMakeTmp

Run Build Command:"/usr/bin/make" "cmTC_e16e1/fast"
/usr/bin/make -f CMakeFiles/cmTC_e16e1.dir/build.make CMakeFiles/cmTC_e16e1.dir/build
make[1]: 进入目录“/home/ctw/webrtc_aec/wav-beamforming/build/CMakeFiles/CMakeTmp”
Building CXX object CMakeFiles/cmTC_e16e1.dir/uint32_t.cpp.o
/usr/bin/c++    -std=c++11    -o CMakeFiles/cmTC_e16e1.dir/uint32_t.cpp.o -c /home/ctw/webrtc_aec/wav-beamforming/build/CMakeFiles/CheckTypeSize/uint32_t.cpp
Linking CXX executable cmTC_e16e1
/usr/bin/cmake -E cmake_link_script CMakeFiles/cmTC_e16e1.dir/link.txt --verbose=1
/usr/bin/c++   -std=c++11     -rdynamic CMakeFiles/cmTC_e16e1.dir/uint32_t.cpp.o  -o cmTC_e16e1 
make[1]: 离开目录“/home/ctw/webrtc_aec/wav-beamforming/build/CMakeFiles/CMakeTmp”


Determining if the strtoll exist passed with the following output:
Change Dir: /home/ctw/webrtc_aec/wav-beamforming/build/CMakeFiles/CMakeTmp

Run Build Command:"/usr/bin/make" "cmTC_eaa43/fast"
/usr/bin/make -f CMakeFiles/cmTC_eaa43.dir/build.make CMakeFiles/cmTC_eaa43.dir/build
make[1]: 进入目录“/home/ctw/webrtc_aec/wav-beamforming/build/CMakeFiles/CMakeTmp”
Building CXX object CMakeFiles/cmTC_eaa43.dir/CheckSymbolExists.cxx.o
/usr/bin/c++    -std=c++11    -o CMakeFiles/cmTC_eaa43.dir/CheckSymbolExists.cxx.o -c /home/ctw/webrtc_aec/wav-beamforming/build/CMakeFiles/CMakeTmp/CheckSymbolExists.cxx
Linking CXX executable cmTC_eaa43
/usr/bin/cmake -E cmake_link_script CMakeFiles/cmTC_eaa43.dir/link.txt --verbose=1
/usr/bin/c++   -std=c++11     -rdynamic CMakeFiles/cmTC_eaa43.dir/CheckSymbolExists.cxx.o  -o cmTC_eaa43 
make[1]: 离开目录“/home/ctw/webrtc_aec/wav-beamforming/build/CMakeFiles/CMakeTmp”

File /home/ctw/webrtc_aec/wav-beamforming/build/CMakeFiles/CMakeTmp/CheckSymbolExists.cxx:
/* */
#include <stdlib.h>

int main(int argc, char** argv)
{
  (void)argv;
#ifndef strtoll
  return ((int*)(&strtoll))[argc];
#else
  (void)argc;
  return 0;
#endif
}

Determining if the include file pthread.h exists passed with the following output:
Change Dir: /home/ctw/webrtc_aec/wav-beamforming/build/CMakeFiles/CMakeTmp

Run Build Command:"/usr/bin/make" "cmTC_fa3bd/fast"
/usr/bin/make -f CMakeFiles/cmTC_fa3bd.dir/build.make CMakeFiles/cmTC_fa3bd.dir/build
make[1]: 进入目录“/home/ctw/webrtc_aec/wav-beamforming/build/CMakeFiles/CMakeTmp”
Building C object CMakeFiles/cmTC_fa3bd.dir/CheckIncludeFile.c.o
/usr/bin/cc    -o CMakeFiles/cmTC_fa3bd.dir/CheckIncludeFile.c.o   -c /home/ctw/webrtc_aec/wav-beamforming/build/CMakeFiles/CMakeTmp/CheckIncludeFile.c
Linking C executable cmTC_fa3bd
/usr/bin/cmake -E cmake_link_script CMakeFiles/cmTC_fa3bd.dir/link.txt --verbose=1
/usr/bin/cc      -rdynamic CMakeFiles/cmTC_fa3bd.dir/CheckIncludeFile.c.o  -o cmTC_fa3bd 
make[1]: 离开目录“/home/ctw/webrtc_aec/wav-beamforming/build/CMakeFiles/CMakeTmp”


Determining if the function pthread_create exists in the pthread passed with the following output:
Change Dir: /home/ctw/webrtc_aec/wav-beamforming/build/CMakeFiles/CMakeTmp

Run Build Command:"/usr/bin/make" "cmTC_dd452/fast"
/usr/bin/make -f CMakeFiles/cmTC_dd452.dir/build.make CMakeFiles/cmTC_dd452.dir/build
make[1]: 进入目录“/home/ctw/webrtc_aec/wav-beamforming/build/CMakeFiles/CMakeTmp”
Building C object CMakeFiles/cmTC_dd452.dir/CheckFunctionExists.c.o
/usr/bin/cc   -DCHECK_FUNCTION_EXISTS=pthread_create   -o CMakeFiles/cmTC_dd452.dir/CheckFunctionExists.c.o   -c /usr/share/cmake-3.10/Modules/CheckFunctionExists.c
Linking C executable cmTC_dd452
/usr/bin/cmake -E cmake_link_script CMakeFiles/cmTC_dd452.dir/link.txt --verbose=1
/usr/bin/cc  -DCHECK_FUNCTION_EXISTS=pthread_create    -rdynamic CMakeFiles/cmTC_dd452.dir/CheckFunctionExists.c.o  -o cmTC_dd452 -lpthread 
make[1]: 离开目录“/home/ctw/webrtc_aec/wav-beamforming/build/CMakeFiles/CMakeTmp”


Determining size of pthread_rwlock_t passed with the following output:
Change Dir: /home/ctw/webrtc_aec/wav-beamforming/build/CMakeFiles/CMakeTmp

Run Build Command:"/usr/bin/make" "cmTC_adafe/fast"
/usr/bin/make -f CMakeFiles/cmTC_adafe.dir/build.make CMakeFiles/cmTC_adafe.dir/build
make[1]: 进入目录“/home/ctw/webrtc_aec/wav-beamforming/build/CMakeFiles/CMakeTmp”
Building CXX object CMakeFiles/cmTC_adafe.dir/RWLOCK.cpp.o
/usr/bin/c++    -std=c++11    -o CMakeFiles/cmTC_adafe.dir/RWLOCK.cpp.o -c /home/ctw/webrtc_aec/wav-beamforming/build/CMakeFiles/CheckTypeSize/RWLOCK.cpp
Linking CXX executable cmTC_adafe
/usr/bin/cmake -E cmake_link_script CMakeFiles/cmTC_adafe.dir/link.txt --verbose=1
/usr/bin/c++   -std=c++11     -rdynamic CMakeFiles/cmTC_adafe.dir/RWLOCK.cpp.o  -o cmTC_adafe 
make[1]: 离开目录“/home/ctw/webrtc_aec/wav-beamforming/build/CMakeFiles/CMakeTmp”


The system is: Linux - 4.4.0-18362-Microsoft - x86_64
Compiling the C compiler identification source file "CMakeCCompilerId.c" succeeded.
Compiler: /usr/bin/cc 
Build flags: 
Id flags: -c 

The output was:
0


Compilation of the C compiler identification source "CMakeCCompilerId.c" produced "CMakeCCompilerId.o"

The C compiler identification is GNU, found in "/mnt/e/Demo/webrtc/webrtc_aec/wav-beamforming/build/CMakeFiles/3.10.2/CompilerIdC/CMakeCCompilerId.o"

